<?xml version="1.0" encoding="UTF-8"?>
<!-- Generated by org.testng.reporters.JUnitXMLReporter -->
<testsuite ignored="2" hostname="Vinod" failures="0" tests="4" name="Test" time="39.762" errors="0" timestamp="2025-09-21T20:52:56 IST">
  <testcase classname="testCases.TC003_LoginTesttDDT" name="loginDDT" time="11.339"/>
  <testcase classname="testCases.TC003_LoginTesttDDT" name="loginDDT" time="11.239"/>
  <testcase classname="testCases.TC003_LoginTesttDDT" name="loginDDT" time="10.867"/>
  <testcase classname="testCases.TC003_LoginTesttDDT" name="loginDDT" time="1.752"/>
  <testcase classname="testCases.TC002_LoginTest" name="Verify_Login" time="0.0">
    <ignored/>
  </testcase> <!-- Verify_Login -->
  <testcase classname="testCases.TC001_AccountRegistrationTest" name="registration" time="0.0">
    <ignored/>
  </testcase> <!-- registration -->
</testsuite> <!-- Test -->
