<?xml version="1.0" encoding="UTF-8"?>
<testng-results ignored="0" total="2" passed="2" failed="0" skipped="0">
  <reporter-output>
  </reporter-output>
  <suite started-at="2025-09-21T22:31:09 IST" name="Master Suite" finished-at="2025-09-21T22:31:37 IST" duration-ms="28676">
    <groups>
      <group name="Regression">
        <method signature="TC001_AccountRegistrationTest.registration()[pri:0, instance:testCases.TC001_AccountRegistrationTest@223d2c72]" name="registration" class="testCases.TC001_AccountRegistrationTest"/>
      </group> <!-- Regression -->
      <group name="sanity">
        <method signature="TC002_LoginTest.Verify_Login()[pri:0, instance:testCases.TC002_LoginTest@36bc55de]" name="Verify_Login" class="testCases.TC002_LoginTest"/>
      </group> <!-- sanity -->
      <group name="master">
        <method signature="TC001_AccountRegistrationTest.registration()[pri:0, instance:testCases.TC001_AccountRegistrationTest@223d2c72]" name="registration" class="testCases.TC001_AccountRegistrationTest"/>
        <method signature="TC002_LoginTest.Verify_Login()[pri:0, instance:testCases.TC002_LoginTest@36bc55de]" name="Verify_Login" class="testCases.TC002_LoginTest"/>
      </group> <!-- master -->
    </groups>
    <test started-at="2025-09-21T22:31:09 IST" name="Test" finished-at="2025-09-21T22:31:37 IST" duration-ms="28676">
      <class name="testCases.TC002_LoginTest">
        <test-method is-config="true" signature="setup(java.lang.String)[pri:0, instance:testCases.TC002_LoginTest@36bc55de]" started-at="2025-09-21T22:31:09 IST" name="setup" finished-at="2025-09-21T22:31:16 IST" duration-ms="7282" status="PASS">
          <params>
            <param index="0">
              <value>
                <![CDATA[Edge]]>
              </value>
            </param>
          </params>
          <reporter-output>
          </reporter-output>
        </test-method> <!-- setup -->
        <test-method signature="Verify_Login()[pri:0, instance:testCases.TC002_LoginTest@36bc55de]" started-at="2025-09-21T22:31:16 IST" name="Verify_Login" finished-at="2025-09-21T22:31:18 IST" duration-ms="1987" status="PASS">
          <reporter-output>
          </reporter-output>
        </test-method> <!-- Verify_Login -->
        <test-method is-config="true" signature="teardown()[pri:0, instance:testCases.TC002_LoginTest@36bc55de]" started-at="2025-09-21T22:31:18 IST" name="teardown" finished-at="2025-09-21T22:31:19 IST" duration-ms="265" status="PASS">
          <reporter-output>
          </reporter-output>
        </test-method> <!-- teardown -->
      </class> <!-- testCases.TC002_LoginTest -->
      <class name="testCases.TC001_AccountRegistrationTest">
        <test-method is-config="true" signature="setup(java.lang.String)[pri:0, instance:testCases.TC001_AccountRegistrationTest@223d2c72]" started-at="2025-09-21T22:31:19 IST" name="setup" finished-at="2025-09-21T22:31:29 IST" duration-ms="10485" status="PASS">
          <params>
            <param index="0">
              <value>
                <![CDATA[Edge]]>
              </value>
            </param>
          </params>
          <reporter-output>
          </reporter-output>
        </test-method> <!-- setup -->
        <test-method signature="registration()[pri:0, instance:testCases.TC001_AccountRegistrationTest@223d2c72]" started-at="2025-09-21T22:31:29 IST" name="registration" finished-at="2025-09-21T22:31:37 IST" duration-ms="7972" status="PASS">
          <reporter-output>
          </reporter-output>
        </test-method> <!-- registration -->
        <test-method is-config="true" signature="teardown()[pri:0, instance:testCases.TC001_AccountRegistrationTest@223d2c72]" started-at="2025-09-21T22:31:37 IST" name="teardown" finished-at="2025-09-21T22:31:37 IST" duration-ms="327" status="PASS">
          <reporter-output>
          </reporter-output>
        </test-method> <!-- teardown -->
      </class> <!-- testCases.TC001_AccountRegistrationTest -->
    </test> <!-- Test -->
  </suite> <!-- Master Suite -->
</testng-results>
