<?xml version="1.0" encoding="UTF-8"?>
<testng-results ignored="2" total="6" passed="4" failed="0" skipped="0">
  <reporter-output>
  </reporter-output>
  <suite started-at="2025-09-21T20:52:15 IST" name="Suite" finished-at="2025-09-21T20:52:55 IST" duration-ms="39762">
    <groups>
      <group name="datadriven">
        <method signature="TC003_LoginTesttDDT.loginDDT(java.lang.String,java.lang.String,java.lang.String)[pri:0, instance:testCases.TC003_LoginTesttDDT@3af9c5b7]" name="loginDDT" class="testCases.TC003_LoginTesttDDT"/>
      </group> <!-- datadriven -->
    </groups>
    <test started-at="2025-09-21T20:52:15 IST" name="Test" finished-at="2025-09-21T20:52:55 IST" duration-ms="39762">
      <class name="testCases.TC003_LoginTesttDDT">
        <test-method is-config="true" signature="setup(java.lang.String)[pri:0, instance:testCases.TC003_LoginTesttDDT@3af9c5b7]" started-at="2025-09-21T20:52:16 IST" name="setup" finished-at="2025-09-21T20:52:19 IST" duration-ms="2998" status="PASS">
          <params>
            <param index="0">
              <value>
                <![CDATA[Edge]]>
              </value>
            </param>
          </params>
          <reporter-output>
          </reporter-output>
        </test-method> <!-- setup -->
        <test-method signature="loginDDT(java.lang.String,java.lang.String,java.lang.String)[pri:0, instance:testCases.TC003_LoginTesttDDT@3af9c5b7]" started-at="2025-09-21T20:52:20 IST" name="loginDDT" data-provider="LoginData" finished-at="2025-09-21T20:52:31 IST" duration-ms="11339" status="PASS">
          <params>
            <param index="0">
              <value>
                <![CDATA[abc@mail.com]]>
              </value>
            </param>
            <param index="1">
              <value>
                <![CDATA[abc12344]]>
              </value>
            </param>
            <param index="2">
              <value>
                <![CDATA[invalid]]>
              </value>
            </param>
          </params>
          <reporter-output>
          </reporter-output>
        </test-method> <!-- loginDDT -->
        <test-method signature="loginDDT(java.lang.String,java.lang.String,java.lang.String)[pri:0, instance:testCases.TC003_LoginTesttDDT@3af9c5b7]" started-at="2025-09-21T20:52:31 IST" name="loginDDT" data-provider="LoginData" finished-at="2025-09-21T20:52:42 IST" duration-ms="11239" status="PASS">
          <params>
            <param index="0">
              <value>
                <![CDATA[12345@gmail.com]]>
              </value>
            </param>
            <param index="1">
              <value>
                <![CDATA[xydd44535]]>
              </value>
            </param>
            <param index="2">
              <value>
                <![CDATA[invalid]]>
              </value>
            </param>
          </params>
          <reporter-output>
          </reporter-output>
        </test-method> <!-- loginDDT -->
        <test-method signature="loginDDT(java.lang.String,java.lang.String,java.lang.String)[pri:0, instance:testCases.TC003_LoginTesttDDT@3af9c5b7]" started-at="2025-09-21T20:52:42 IST" name="loginDDT" data-provider="LoginData" finished-at="2025-09-21T20:52:53 IST" duration-ms="10867" status="PASS">
          <params>
            <param index="0">
              <value>
                <![CDATA[skjgshkb@mail.com]]>
              </value>
            </param>
            <param index="1">
              <value>
                <![CDATA[cdakscjbdc]]>
              </value>
            </param>
            <param index="2">
              <value>
                <![CDATA[invalid]]>
              </value>
            </param>
          </params>
          <reporter-output>
          </reporter-output>
        </test-method> <!-- loginDDT -->
        <test-method signature="loginDDT(java.lang.String,java.lang.String,java.lang.String)[pri:0, instance:testCases.TC003_LoginTesttDDT@3af9c5b7]" started-at="2025-09-21T20:52:53 IST" name="loginDDT" data-provider="LoginData" finished-at="2025-09-21T20:52:55 IST" duration-ms="1752" status="PASS">
          <params>
            <param index="0">
              <value>
                <![CDATA[testuser090@mail.com]]>
              </value>
            </param>
            <param index="1">
              <value>
                <![CDATA[Testuser@090]]>
              </value>
            </param>
            <param index="2">
              <value>
                <![CDATA[valid]]>
              </value>
            </param>
          </params>
          <reporter-output>
          </reporter-output>
        </test-method> <!-- loginDDT -->
        <test-method is-config="true" signature="teardown()[pri:0, instance:testCases.TC003_LoginTesttDDT@3af9c5b7]" started-at="2025-09-21T20:52:55 IST" name="teardown" finished-at="2025-09-21T20:52:55 IST" duration-ms="233" status="PASS">
          <reporter-output>
          </reporter-output>
        </test-method> <!-- teardown -->
      </class> <!-- testCases.TC003_LoginTesttDDT -->
    </test> <!-- Test -->
  </suite> <!-- Suite -->
</testng-results>
