<?xml version="1.0" encoding="UTF-8"?>
<!-- Generated by org.testng.reporters.JUnitXMLReporter -->
<testsuite ignored="0" hostname="Vinod" failures="0" tests="4" name="Test" time="42.587" errors="0" timestamp="2025-09-21T15:15:37 IST">
  <testcase classname="testCases.TC003_LoginTesttDDT" name="loginDDT" time="11.742"/>
  <testcase classname="testCases.TC003_LoginTesttDDT" name="loginDDT" time="11.795"/>
  <testcase classname="testCases.TC003_LoginTesttDDT" name="loginDDT" time="11.641"/>
  <testcase classname="testCases.TC003_LoginTesttDDT" name="loginDDT" time="2.54"/>
</testsuite> <!-- Test -->
